<?xml version="1.0" encoding="UTF-8"?>
<testsuite xmlns:xsi="http://www.w3.org/2001/XMLSchema-instance" xsi:noNamespaceSchemaLocation="https://maven.apache.org/surefire/maven-surefire-plugin/xsd/surefire-test-report.xsd" version="3.0.2" name="com.quantumfpo.stocks.service.AlphaVantageServiceTest" time="0.766" tests="11" errors="0" skipped="0" failures="0">
  <properties>
[...]
</properties>
  <testcase name="testFetchStockHistoryLargeDataSet" classname="com.quantumfpo.stocks.service.AlphaVantageServiceTest" time="0.011">
    <system-out><![CDATA[2025-09-24T14:11:19.735+02:00  INFO 48068 --- [           main] c.q.stocks.service.AlphaVantageService   : Simulating Alpha Vantage response for symbol: SIM_MSFT
]]></system-out>
  </testcase>
  <testcase name="testFetchStockHistoryDataRanges" classname="com.quantumfpo.stocks.service.AlphaVantageServiceTest" time="0.002">
    <system-out><![CDATA[2025-09-24T14:11:19.737+02:00  INFO 48068 --- [           main] c.q.stocks.service.AlphaVantageService   : Simulating Alpha Vantage response for symbol: SIM_AMZN
]]></system-out>
  </testcase>
  <testcase name="testFetchStockHistoryEmptySymbol" classname="com.quantumfpo.stocks.service.AlphaVantageServiceTest" time="0.609">
    <system-out><![CDATA[2025-09-24T14:11:19.740+02:00  INFO 48068 --- [           main] c.q.stocks.service.AlphaVantageService   : Requesting Alpha Vantage API: https://www.alphavantage.co/query?function=TIME_SERIES_DAILY&symbol=&apikey=test_api_key
2025-09-24T14:11:20.344+02:00  INFO 48068 --- [           main] c.q.stocks.service.AlphaVantageService   : Alpha Vantage raw response: {
    "Information": "We have detected your API key as test_api_key and our standard API rate limit is 25 requests per day. Please subscribe to any of the premium plans at https://www.alphavantage.co/premium/ to instantly remove all daily rate limits."
}
]]></system-out>
  </testcase>
  <testcase name="testFetchStockHistoryNonSimulatorSymbol" classname="com.quantumfpo.stocks.service.AlphaVantageServiceTest" time="0.133">
    <system-out><![CDATA[2025-09-24T14:11:20.349+02:00  INFO 48068 --- [           main] c.q.stocks.service.AlphaVantageService   : Requesting Alpha Vantage API: https://www.alphavantage.co/query?function=TIME_SERIES_DAILY&symbol=REAL_AAPL&apikey=test_api_key
2025-09-24T14:11:20.479+02:00  INFO 48068 --- [           main] c.q.stocks.service.AlphaVantageService   : Alpha Vantage raw response: {
    "Information": "We have detected your API key as test_api_key and our standard API rate limit is 25 requests per day. Please subscribe to any of the premium plans at https://www.alphavantage.co/premium/ to instantly remove all daily rate limits."
}
]]></system-out>
  </testcase>
  <testcase name="testFetchStockHistoryWithDifferentDaysCounts" classname="com.quantumfpo.stocks.service.AlphaVantageServiceTest" time="0.001">
    <system-out><![CDATA[2025-09-24T14:11:20.483+02:00  INFO 48068 --- [           main] c.q.stocks.service.AlphaVantageService   : Simulating Alpha Vantage response for symbol: SIM_AAPL
2025-09-24T14:11:20.483+02:00  INFO 48068 --- [           main] c.q.stocks.service.AlphaVantageService   : Simulating Alpha Vantage response for symbol: SIM_AAPL
2025-09-24T14:11:20.483+02:00  INFO 48068 --- [           main] c.q.stocks.service.AlphaVantageService   : Simulating Alpha Vantage response for symbol: SIM_AAPL
2025-09-24T14:11:20.483+02:00  INFO 48068 --- [           main] c.q.stocks.service.AlphaVantageService   : Simulating Alpha Vantage response for symbol: SIM_AAPL
]]></system-out>
  </testcase>
  <testcase name="testFetchStockHistoryWithSimulatorSymbol" classname="com.quantumfpo.stocks.service.AlphaVantageServiceTest" time="0.001">
    <system-out><![CDATA[2025-09-24T14:11:20.484+02:00  INFO 48068 --- [           main] c.q.stocks.service.AlphaVantageService   : Simulating Alpha Vantage response for symbol: SIM_GOOGL
]]></system-out>
  </testcase>
  <testcase name="testFetchStockHistoryWithMixedSymbols" classname="com.quantumfpo.stocks.service.AlphaVantageServiceTest" time="0.001">
    <system-out><![CDATA[2025-09-24T14:11:20.485+02:00  INFO 48068 --- [           main] c.q.stocks.service.AlphaVantageService   : Simulating Alpha Vantage response for symbol: SIM_META
2025-09-24T14:11:20.485+02:00  INFO 48068 --- [           main] c.q.stocks.service.AlphaVantageService   : Simulating Alpha Vantage response for symbol: SIM_TSLA
2025-09-24T14:11:20.485+02:00  INFO 48068 --- [           main] c.q.stocks.service.AlphaVantageService   : Simulating Alpha Vantage response for symbol: SIM_NVDA
]]></system-out>
  </testcase>
  <testcase name="testFetchStockHistoryWithNullSymbol" classname="com.quantumfpo.stocks.service.AlphaVantageServiceTest" time="0.001"/>
  <testcase name="testFetchStockHistoryMultipleSimulatorSymbols" classname="com.quantumfpo.stocks.service.AlphaVantageServiceTest" time="0.001">
    <system-out><![CDATA[2025-09-24T14:11:20.488+02:00  INFO 48068 --- [           main] c.q.stocks.service.AlphaVantageService   : Simulating Alpha Vantage response for symbol: SIM_AAPL
2025-09-24T14:11:20.488+02:00  INFO 48068 --- [           main] c.q.stocks.service.AlphaVantageService   : Simulating Alpha Vantage response for symbol: SIM_GOOGL
2025-09-24T14:11:20.488+02:00  INFO 48068 --- [           main] c.q.stocks.service.AlphaVantageService   : Simulating Alpha Vantage response for symbol: SIM_AMZN
2025-09-24T14:11:20.488+02:00  INFO 48068 --- [           main] c.q.stocks.service.AlphaVantageService   : Simulating Alpha Vantage response for symbol: SIM_MSFT
2025-09-24T14:11:20.488+02:00  INFO 48068 --- [           main] c.q.stocks.service.AlphaVantageService   : Simulating Alpha Vantage response for symbol: SIM_META
]]></system-out>
  </testcase>
  <testcase name="testFetchStockHistoryMultipleDifferentSymbols" classname="com.quantumfpo.stocks.service.AlphaVantageServiceTest" time="0.001">
    <system-out><![CDATA[2025-09-24T14:11:20.489+02:00  INFO 48068 --- [           main] c.q.stocks.service.AlphaVantageService   : Simulating Alpha Vantage response for symbol: SIM_AMZN
2025-09-24T14:11:20.489+02:00  INFO 48068 --- [           main] c.q.stocks.service.AlphaVantageService   : Simulating Alpha Vantage response for symbol: SIM_AMZN
]]></system-out>
  </testcase>
  <testcase name="testFetchStockHistorySimulationConsistency" classname="com.quantumfpo.stocks.service.AlphaVantageServiceTest" time="0.001">
    <system-out><![CDATA[2025-09-24T14:11:20.491+02:00  INFO 48068 --- [           main] c.q.stocks.service.AlphaVantageService   : Simulating Alpha Vantage response for symbol: SIM_AAPL
2025-09-24T14:11:20.491+02:00  INFO 48068 --- [           main] c.q.stocks.service.AlphaVantageService   : Simulating Alpha Vantage response for symbol: SIM_AAPL
]]></system-out>
  </testcase>
</testsuite>