<?xml version="1.0" encoding="UTF-8"?>
<testsuite xmlns:xsi="http://www.w3.org/2001/XMLSchema-instance" xsi:noNamespaceSchemaLocation="https://maven.apache.org/surefire/maven-surefire-plugin/xsd/surefire-test-report.xsd" version="3.0.2" name="com.quantumfpo.stocks.controller.StockControllerTest" time="2.011" tests="4" errors="0" skipped="0" failures="0">
  <properties>
[...]
</properties>
  <testcase name="testOptimizePortfolioEndpointWithEmptyDatabase" classname="com.quantumfpo.stocks.controller.StockControllerTest" time="0.187">
    <system-out><![CDATA[14:11:17.759 [main] INFO org.springframework.test.context.support.AnnotationConfigContextLoaderUtils -- Could not detect default configuration classes for test class [com.quantumfpo.stocks.controller.StockControllerTest]: StockControllerTest does not declare any static, non-private, non-final, nested classes annotated with @Configuration.
14:11:17.851 [main] INFO org.springframework.boot.test.context.SpringBootTestContextBootstrapper -- Found @SpringBootConfiguration com.quantumfpo.stocks.StocksApplication for test class com.quantumfpo.stocks.controller.StockControllerTest

  .   ____          _            __ _ _
 /\\ / ___'_ __ _ _(_)_ __  __ _ \ \ \ \
( ( )\___ | '_ | '_| | '_ \/ _` | \ \ \ \
 \\/  ___)| |_)| | | | | || (_| |  ) ) ) )
  '  |____| .__|_| |_|_| |_\__, | / / / /
 =========|_|==============|___/=/_/_/_/

 :: Spring Boot ::                (v3.5.6)

2025-09-24T14:11:18.115+02:00  INFO 48068 --- [           main] c.q.s.controller.StockControllerTest     : Starting StockControllerTest using Java 25 with PID 48068 (started by alexa in C:\Users\alexa\quantumFPO)
2025-09-24T14:11:18.116+02:00  INFO 48068 --- [           main] c.q.s.controller.StockControllerTest     : No active profile set, falling back to 1 default profile: "default"
2025-09-24T14:11:19.420+02:00  INFO 48068 --- [           main] c.q.s.controller.StockControllerTest     : Started StockControllerTest in 1.48 seconds (process running for 2.125)
2025-09-24T14:11:19.461+02:00  INFO 48068 --- [           main] o.s.b.t.m.w.SpringBootMockServletContext : Initializing Spring TestDispatcherServlet ''
2025-09-24T14:11:19.462+02:00  INFO 48068 --- [           main] o.s.t.web.servlet.TestDispatcherServlet  : Initializing Servlet ''
2025-09-24T14:11:19.467+02:00  INFO 48068 --- [           main] o.s.t.web.servlet.TestDispatcherServlet  : Completed initialization in 4 ms
2025-09-24T14:11:19.574+02:00  WARN 48068 --- [           main] c.q.stocks.controller.StockController    : [Classic] No stock data found in database for optimization
]]></system-out>
    <system-err><![CDATA[Mockito is currently self-attaching to enable the inline-mock-maker. This will no longer work in future releases of the JDK. Please add Mockito as an agent to your build as described in Mockito's documentation: https://javadoc.io/doc/org.mockito/mockito-core/latest/org.mockito/org/mockito/Mockito.html#0.3
WARNING: A Java agent has been loaded dynamically (C:\Users\alexa\.m2\repository\net\bytebuddy\byte-buddy-agent\1.17.7\byte-buddy-agent-1.17.7.jar)
WARNING: If a serviceability tool is in use, please run with -XX:+EnableDynamicAgentLoading to hide this warning
WARNING: If a serviceability tool is not in use, please run with -Djdk.instrument.traceUsage for more information
WARNING: Dynamic loading of agents will be disallowed by default in a future release
]]></system-err>
  </testcase>
  <testcase name="testLoadStocksEndpointWithEmptyStocks" classname="com.quantumfpo.stocks.controller.StockControllerTest" time="0.015">
    <system-out><![CDATA[2025-09-24T14:11:19.628+02:00  INFO 48068 --- [           main] o.s.b.t.m.w.SpringBootMockServletContext : Initializing Spring TestDispatcherServlet ''
2025-09-24T14:11:19.628+02:00  INFO 48068 --- [           main] o.s.t.web.servlet.TestDispatcherServlet  : Initializing Servlet ''
2025-09-24T14:11:19.629+02:00  INFO 48068 --- [           main] o.s.t.web.servlet.TestDispatcherServlet  : Completed initialization in 1 ms
2025-09-24T14:11:19.632+02:00  INFO 48068 --- [           main] c.q.stocks.controller.StockController    : Returning total 0 records to frontend
]]></system-out>
  </testcase>
  <testcase name="testLoadStocksEndpointWithServiceException" classname="com.quantumfpo.stocks.controller.StockControllerTest" time="0.023">
    <system-out><![CDATA[2025-09-24T14:11:19.644+02:00  INFO 48068 --- [           main] o.s.b.t.m.w.SpringBootMockServletContext : Initializing Spring TestDispatcherServlet ''
2025-09-24T14:11:19.644+02:00  INFO 48068 --- [           main] o.s.t.web.servlet.TestDispatcherServlet  : Initializing Servlet ''
2025-09-24T14:11:19.644+02:00  INFO 48068 --- [           main] o.s.t.web.servlet.TestDispatcherServlet  : Completed initialization in 0 ms
2025-09-24T14:11:19.661+02:00  WARN 48068 --- [           main] c.q.stocks.controller.StockController    : Error loading stocks: Service error
]]></system-out>
  </testcase>
  <testcase name="testLoadStocksEndpoint" classname="com.quantumfpo.stocks.controller.StockControllerTest" time="0.017">
    <system-out><![CDATA[2025-09-24T14:11:19.669+02:00  INFO 48068 --- [           main] o.s.b.t.m.w.SpringBootMockServletContext : Initializing Spring TestDispatcherServlet ''
2025-09-24T14:11:19.669+02:00  INFO 48068 --- [           main] o.s.t.web.servlet.TestDispatcherServlet  : Initializing Servlet ''
2025-09-24T14:11:19.669+02:00  INFO 48068 --- [           main] o.s.t.web.servlet.TestDispatcherServlet  : Completed initialization in 0 ms
2025-09-24T14:11:19.673+02:00  INFO 48068 --- [           main] c.q.stocks.controller.StockController    : Fetched data for SIM_AAPL: 2 records
2025-09-24T14:11:19.674+02:00  INFO 48068 --- [           main] c.q.stocks.controller.StockController    : Sample record for SIM_AAPL: com.quantumfpo.stocks.model.StockData@43786627
2025-09-24T14:11:19.674+02:00  INFO 48068 --- [           main] c.q.stocks.controller.StockController    : Returning total 2 records to frontend
]]></system-out>
  </testcase>
</testsuite>