{"C:\\Users\\alexa\\quantumFPO\\frontend\\src\\App.jsx": {"path":"C:\\Users\\alexa\\quantumFPO\\frontend\\src\\App.jsx","statementMap":{"0":{"start":{"line":14,"column":0},"end":{"line":14,"column":96}},"1":{"start":{"line":17,"column":48},"end":{"line":17,"column":62}},"2":{"start":{"line":20,"column":22},"end":{"line":20,"column":66}},"3":{"start":{"line":23,"column":28},"end":{"line":23,"column":68}},"4":{"start":{"line":24,"column":38},"end":{"line":24,"column":50}},"5":{"start":{"line":25,"column":34},"end":{"line":25,"column":49}},"6":{"start":{"line":26,"column":36},"end":{"line":26,"column":48}},"7":{"start":{"line":29,"column":40},"end":{"line":35,"column":4}},"8":{"start":{"line":36,"column":36},"end":{"line":36,"column":50}},"9":{"start":{"line":37,"column":50},"end":{"line":37,"column":62}},"10":{"start":{"line":38,"column":54},"end":{"line":38,"column":66}},"11":{"start":{"line":39,"column":36},"end":{"line":39,"column":48}},"12":{"start":{"line":40,"column":46},"end":{"line":40,"column":58}},"13":{"start":{"line":41,"column":40},"end":{"line":41,"column":52}},"14":{"start":{"line":44,"column":31},"end":{"line":53,"column":3}},"15":{"start":{"line":45,"column":17},"end":{"line":45,"column":174}},"16":{"start":{"line":46,"column":17},"end":{"line":46,"column":19}},"17":{"start":{"line":47,"column":4},"end":{"line":51,"column":5}},"18":{"start":{"line":47,"column":17},"end":{"line":47,"column":18}},"19":{"start":{"line":49,"column":21},"end":{"line":49,"column":82}},"20":{"start":{"line":50,"column":6},"end":{"line":50,"column":35}},"21":{"start":{"line":52,"column":4},"end":{"line":52,"column":18}},"22":{"start":{"line":56,"column":23},"end":{"line":62,"column":3}},"23":{"start":{"line":57,"column":4},"end":{"line":57,"column":49}},"24":{"start":{"line":57,"column":29},"end":{"line":57,"column":47}},"25":{"start":{"line":58,"column":4},"end":{"line":60,"column":5}},"26":{"start":{"line":59,"column":6},"end":{"line":59,"column":64}},"27":{"start":{"line":61,"column":4},"end":{"line":61,"column":62}},"28":{"start":{"line":65,"column":29},"end":{"line":93,"column":3}},"29":{"start":{"line":66,"column":4},"end":{"line":92,"column":5}},"30":{"start":{"line":67,"column":21},"end":{"line":67,"column":51}},"31":{"start":{"line":68,"column":21},"end":{"line":68,"column":46}},"32":{"start":{"line":69,"column":21},"end":{"line":69,"column":49}},"33":{"start":{"line":70,"column":6},"end":{"line":70,"column":29}},"34":{"start":{"line":71,"column":23},"end":{"line":83,"column":8}},"35":{"start":{"line":84,"column":6},"end":{"line":87,"column":7}},"36":{"start":{"line":85,"column":22},"end":{"line":85,"column":43}},"37":{"start":{"line":86,"column":8},"end":{"line":86,"column":77}},"38":{"start":{"line":88,"column":21},"end":{"line":88,"column":42}},"39":{"start":{"line":89,"column":6},"end":{"line":89,"column":45}},"40":{"start":{"line":91,"column":6},"end":{"line":91,"column":54}},"41":{"start":{"line":96,"column":28},"end":{"line":98,"column":3}},"42":{"start":{"line":97,"column":4},"end":{"line":97,"column":60}},"43":{"start":{"line":100,"column":28},"end":{"line":114,"column":3}},"44":{"start":{"line":101,"column":4},"end":{"line":101,"column":23}},"45":{"start":{"line":102,"column":4},"end":{"line":102,"column":22}},"46":{"start":{"line":103,"column":4},"end":{"line":113,"column":5}},"47":{"start":{"line":104,"column":18},"end":{"line":104,"column":68}},"48":{"start":{"line":105,"column":6},"end":{"line":110,"column":7}},"49":{"start":{"line":106,"column":8},"end":{"line":106,"column":26}},"50":{"start":{"line":107,"column":8},"end":{"line":107,"column":32}},"51":{"start":{"line":109,"column":8},"end":{"line":109,"column":35}},"52":{"start":{"line":112,"column":6},"end":{"line":112,"column":59}},"53":{"start":{"line":116,"column":34},"end":{"line":122,"column":3}},"54":{"start":{"line":117,"column":43},"end":{"line":117,"column":51}},"55":{"start":{"line":118,"column":4},"end":{"line":121,"column":7}},"56":{"start":{"line":124,"column":34},"end":{"line":149,"column":3}},"57":{"start":{"line":125,"column":4},"end":{"line":125,"column":23}},"58":{"start":{"line":126,"column":4},"end":{"line":126,"column":23}},"59":{"start":{"line":127,"column":4},"end":{"line":148,"column":5}},"60":{"start":{"line":128,"column":23},"end":{"line":138,"column":8}},"61":{"start":{"line":139,"column":6},"end":{"line":143,"column":7}},"62":{"start":{"line":140,"column":22},"end":{"line":140,"column":43}},"63":{"start":{"line":141,"column":8},"end":{"line":141,"column":66}},"64":{"start":{"line":142,"column":8},"end":{"line":142,"column":15}},"65":{"start":{"line":144,"column":21},"end":{"line":144,"column":42}},"66":{"start":{"line":145,"column":6},"end":{"line":145,"column":27}},"67":{"start":{"line":147,"column":6},"end":{"line":147,"column":43}},"68":{"start":{"line":151,"column":40},"end":{"line":177,"column":3}},"69":{"start":{"line":152,"column":4},"end":{"line":152,"column":23}},"70":{"start":{"line":153,"column":4},"end":{"line":153,"column":29}},"71":{"start":{"line":154,"column":4},"end":{"line":176,"column":5}},"72":{"start":{"line":155,"column":23},"end":{"line":166,"column":8}},"73":{"start":{"line":167,"column":6},"end":{"line":171,"column":7}},"74":{"start":{"line":168,"column":22},"end":{"line":168,"column":43}},"75":{"start":{"line":169,"column":8},"end":{"line":169,"column":72}},"76":{"start":{"line":170,"column":8},"end":{"line":170,"column":15}},"77":{"start":{"line":172,"column":21},"end":{"line":172,"column":42}},"78":{"start":{"line":173,"column":6},"end":{"line":173,"column":33}},"79":{"start":{"line":175,"column":6},"end":{"line":175,"column":49}},"80":{"start":{"line":179,"column":34},"end":{"line":195,"column":3}},"81":{"start":{"line":180,"column":4},"end":{"line":180,"column":23}},"82":{"start":{"line":181,"column":4},"end":{"line":181,"column":28}},"83":{"start":{"line":182,"column":4},"end":{"line":182,"column":30}},"84":{"start":{"line":183,"column":4},"end":{"line":183,"column":21}},"85":{"start":{"line":184,"column":4},"end":{"line":194,"column":5}},"86":{"start":{"line":185,"column":18},"end":{"line":185,"column":66}},"87":{"start":{"line":186,"column":6},"end":{"line":191,"column":7}},"88":{"start":{"line":187,"column":8},"end":{"line":187,"column":76}},"89":{"start":{"line":188,"column":8},"end":{"line":188,"column":37}},"90":{"start":{"line":190,"column":8},"end":{"line":190,"column":61}},"91":{"start":{"line":193,"column":6},"end":{"line":193,"column":64}},"92":{"start":{"line":198,"column":21},"end":{"line":198,"column":87}},"93":{"start":{"line":198,"column":51},"end":{"line":198,"column":86}},"94":{"start":{"line":199,"column":18},"end":{"line":203,"column":8}},"95":{"start":{"line":200,"column":4},"end":{"line":200,"column":44}},"96":{"start":{"line":201,"column":4},"end":{"line":201,"column":30}},"97":{"start":{"line":202,"column":4},"end":{"line":202,"column":15}},"98":{"start":{"line":204,"column":19},"end":{"line":204,"column":74}},"99":{"start":{"line":204,"column":58},"end":{"line":204,"column":64}},"100":{"start":{"line":205,"column":19},"end":{"line":214,"column":5}},"101":{"start":{"line":205,"column":62},"end":{"line":214,"column":3}},"102":{"start":{"line":208,"column":20},"end":{"line":208,"column":62}},"103":{"start":{"line":208,"column":46},"end":{"line":208,"column":61}},"104":{"start":{"line":209,"column":6},"end":{"line":209,"column":40}},"105":{"start":{"line":216,"column":2},"end":{"line":223,"column":25}},"106":{"start":{"line":217,"column":4},"end":{"line":221,"column":5}},"107":{"start":{"line":218,"column":22},"end":{"line":218,"column":24}},"108":{"start":{"line":219,"column":6},"end":{"line":219,"column":75}},"109":{"start":{"line":219,"column":47},"end":{"line":219,"column":71}},"110":{"start":{"line":220,"column":6},"end":{"line":220,"column":33}},"111":{"start":{"line":225,"column":23},"end":{"line":227,"column":3}},"112":{"start":{"line":226,"column":4},"end":{"line":226,"column":72}},"113":{"start":{"line":226,"column":33},"end":{"line":226,"column":69}},"114":{"start":{"line":229,"column":2},"end":{"line":405,"column":4}},"115":{"start":{"line":371,"column":25},"end":{"line":371,"column":40}},"116":{"start":{"line":372,"column":29},"end":{"line":372,"column":60}},"117":{"start":{"line":373,"column":12},"end":{"line":400,"column":14}},"118":{"start":{"line":377,"column":64},"end":{"line":377,"column":84}},"119":{"start":{"line":391,"column":24},"end":{"line":394,"column":29}}},"fnMap":{"0":{"name":"App","decl":{"start":{"line":16,"column":9},"end":{"line":16,"column":12}},"loc":{"start":{"line":16,"column":15},"end":{"line":406,"column":1}},"line":16},"1":{"name":"(anonymous_1)","decl":{"start":{"line":44,"column":31},"end":{"line":44,"column":32}},"loc":{"start":{"line":44,"column":43},"end":{"line":53,"column":3}},"line":44},"2":{"name":"(anonymous_2)","decl":{"start":{"line":56,"column":23},"end":{"line":56,"column":24}},"loc":{"start":{"line":56,"column":53},"end":{"line":62,"column":3}},"line":56},"3":{"name":"(anonymous_3)","decl":{"start":{"line":57,"column":22},"end":{"line":57,"column":23}},"loc":{"start":{"line":57,"column":29},"end":{"line":57,"column":47}},"line":57},"4":{"name":"(anonymous_4)","decl":{"start":{"line":65,"column":29},"end":{"line":65,"column":30}},"loc":{"start":{"line":65,"column":52},"end":{"line":93,"column":3}},"line":65},"5":{"name":"(anonymous_5)","decl":{"start":{"line":96,"column":28},"end":{"line":96,"column":29}},"loc":{"start":{"line":96,"column":35},"end":{"line":98,"column":3}},"line":96},"6":{"name":"(anonymous_6)","decl":{"start":{"line":100,"column":28},"end":{"line":100,"column":29}},"loc":{"start":{"line":100,"column":41},"end":{"line":114,"column":3}},"line":100},"7":{"name":"(anonymous_7)","decl":{"start":{"line":116,"column":34},"end":{"line":116,"column":35}},"loc":{"start":{"line":116,"column":41},"end":{"line":122,"column":3}},"line":116},"8":{"name":"(anonymous_8)","decl":{"start":{"line":124,"column":34},"end":{"line":124,"column":35}},"loc":{"start":{"line":124,"column":47},"end":{"line":149,"column":3}},"line":124},"9":{"name":"(anonymous_9)","decl":{"start":{"line":151,"column":40},"end":{"line":151,"column":41}},"loc":{"start":{"line":151,"column":53},"end":{"line":177,"column":3}},"line":151},"10":{"name":"(anonymous_10)","decl":{"start":{"line":179,"column":34},"end":{"line":179,"column":35}},"loc":{"start":{"line":179,"column":47},"end":{"line":195,"column":3}},"line":179},"11":{"name":"(anonymous_11)","decl":{"start":{"line":198,"column":41},"end":{"line":198,"column":42}},"loc":{"start":{"line":198,"column":51},"end":{"line":198,"column":86}},"line":198},"12":{"name":"(anonymous_12)","decl":{"start":{"line":199,"column":36},"end":{"line":199,"column":37}},"loc":{"start":{"line":199,"column":50},"end":{"line":203,"column":3}},"line":199},"13":{"name":"(anonymous_13)","decl":{"start":{"line":204,"column":53},"end":{"line":204,"column":54}},"loc":{"start":{"line":204,"column":58},"end":{"line":204,"column":64}},"line":204},"14":{"name":"(anonymous_14)","decl":{"start":{"line":205,"column":44},"end":{"line":205,"column":45}},"loc":{"start":{"line":205,"column":62},"end":{"line":214,"column":3}},"line":205},"15":{"name":"(anonymous_15)","decl":{"start":{"line":207,"column":23},"end":{"line":207,"column":24}},"loc":{"start":{"line":207,"column":31},"end":{"line":210,"column":5}},"line":207},"16":{"name":"(anonymous_16)","decl":{"start":{"line":208,"column":41},"end":{"line":208,"column":42}},"loc":{"start":{"line":208,"column":46},"end":{"line":208,"column":61}},"line":208},"17":{"name":"(anonymous_17)","decl":{"start":{"line":216,"column":12},"end":{"line":216,"column":13}},"loc":{"start":{"line":216,"column":18},"end":{"line":223,"column":3}},"line":216},"18":{"name":"(anonymous_18)","decl":{"start":{"line":219,"column":35},"end":{"line":219,"column":36}},"loc":{"start":{"line":219,"column":45},"end":{"line":219,"column":73}},"line":219},"19":{"name":"(anonymous_19)","decl":{"start":{"line":225,"column":23},"end":{"line":225,"column":24}},"loc":{"start":{"line":225,"column":35},"end":{"line":227,"column":3}},"line":225},"20":{"name":"(anonymous_20)","decl":{"start":{"line":226,"column":22},"end":{"line":226,"column":23}},"loc":{"start":{"line":226,"column":33},"end":{"line":226,"column":69}},"line":226},"21":{"name":"(anonymous_21)","decl":{"start":{"line":370,"column":36},"end":{"line":370,"column":37}},"loc":{"start":{"line":370,"column":48},"end":{"line":401,"column":11}},"line":370},"22":{"name":"(anonymous_22)","decl":{"start":{"line":377,"column":58},"end":{"line":377,"column":59}},"loc":{"start":{"line":377,"column":64},"end":{"line":377,"column":84}},"line":377},"23":{"name":"(anonymous_23)","decl":{"start":{"line":390,"column":32},"end":{"line":390,"column":33}},"loc":{"start":{"line":391,"column":24},"end":{"line":394,"column":29}},"line":391}},"branchMap":{"0":{"loc":{"start":{"line":49,"column":46},"end":{"line":49,"column":81}},"type":"cond-expr","locations":[{"start":{"line":49,"column":65},"end":{"line":49,"column":76}},{"start":{"line":49,"column":79},"end":{"line":49,"column":81}}],"line":49},"1":{"loc":{"start":{"line":58,"column":4},"end":{"line":60,"column":5}},"type":"if","locations":[{"start":{"line":58,"column":4},"end":{"line":60,"column":5}},{"start":{},"end":{}}],"line":58},"2":{"loc":{"start":{"line":58,"column":8},"end":{"line":58,"column":78}},"type":"binary-expr","locations":[{"start":{"line":58,"column":8},"end":{"line":58,"column":41}},{"start":{"line":58,"column":45},"end":{"line":58,"column":78}}],"line":58},"3":{"loc":{"start":{"line":67,"column":21},"end":{"line":67,"column":51}},"type":"binary-expr","locations":[{"start":{"line":67,"column":21},"end":{"line":67,"column":45}},{"start":{"line":67,"column":49},"end":{"line":67,"column":51}}],"line":67},"4":{"loc":{"start":{"line":68,"column":21},"end":{"line":68,"column":46}},"type":"binary-expr","locations":[{"start":{"line":68,"column":21},"end":{"line":68,"column":40}},{"start":{"line":68,"column":44},"end":{"line":68,"column":46}}],"line":68},"5":{"loc":{"start":{"line":84,"column":6},"end":{"line":87,"column":7}},"type":"if","locations":[{"start":{"line":84,"column":6},"end":{"line":87,"column":7}},{"start":{},"end":{}}],"line":84},"6":{"loc":{"start":{"line":86,"column":42},"end":{"line":86,"column":74}},"type":"binary-expr","locations":[{"start":{"line":86,"column":42},"end":{"line":86,"column":55}},{"start":{"line":86,"column":59},"end":{"line":86,"column":74}}],"line":86},"7":{"loc":{"start":{"line":103,"column":4},"end":{"line":113,"column":5}},"type":"if","locations":[{"start":{"line":103,"column":4},"end":{"line":113,"column":5}},{"start":{"line":111,"column":11},"end":{"line":113,"column":5}}],"line":103},"8":{"loc":{"start":{"line":103,"column":8},"end":{"line":103,"column":40}},"type":"binary-expr","locations":[{"start":{"line":103,"column":8},"end":{"line":103,"column":22}},{"start":{"line":103,"column":26},"end":{"line":103,"column":40}}],"line":103},"9":{"loc":{"start":{"line":105,"column":6},"end":{"line":110,"column":7}},"type":"if","locations":[{"start":{"line":105,"column":6},"end":{"line":110,"column":7}},{"start":{"line":108,"column":13},"end":{"line":110,"column":7}}],"line":105},"10":{"loc":{"start":{"line":120,"column":14},"end":{"line":120,"column":51}},"type":"cond-expr","locations":[{"start":{"line":120,"column":36},"end":{"line":120,"column":43}},{"start":{"line":120,"column":46},"end":{"line":120,"column":51}}],"line":120},"11":{"loc":{"start":{"line":139,"column":6},"end":{"line":143,"column":7}},"type":"if","locations":[{"start":{"line":139,"column":6},"end":{"line":143,"column":7}},{"start":{},"end":{}}],"line":139},"12":{"loc":{"start":{"line":141,"column":30},"end":{"line":141,"column":62}},"type":"binary-expr","locations":[{"start":{"line":141,"column":30},"end":{"line":141,"column":43}},{"start":{"line":141,"column":47},"end":{"line":141,"column":62}}],"line":141},"13":{"loc":{"start":{"line":167,"column":6},"end":{"line":171,"column":7}},"type":"if","locations":[{"start":{"line":167,"column":6},"end":{"line":171,"column":7}},{"start":{},"end":{}}],"line":167},"14":{"loc":{"start":{"line":169,"column":36},"end":{"line":169,"column":68}},"type":"binary-expr","locations":[{"start":{"line":169,"column":36},"end":{"line":169,"column":49}},{"start":{"line":169,"column":53},"end":{"line":169,"column":68}}],"line":169},"15":{"loc":{"start":{"line":184,"column":4},"end":{"line":194,"column":5}},"type":"if","locations":[{"start":{"line":184,"column":4},"end":{"line":194,"column":5}},{"start":{"line":192,"column":11},"end":{"line":194,"column":5}}],"line":184},"16":{"loc":{"start":{"line":186,"column":6},"end":{"line":191,"column":7}},"type":"if","locations":[{"start":{"line":186,"column":6},"end":{"line":191,"column":7}},{"start":{"line":189,"column":13},"end":{"line":191,"column":7}}],"line":186},"17":{"loc":{"start":{"line":188,"column":21},"end":{"line":188,"column":35}},"type":"binary-expr","locations":[{"start":{"line":188,"column":21},"end":{"line":188,"column":29}},{"start":{"line":188,"column":33},"end":{"line":188,"column":35}}],"line":188},"18":{"loc":{"start":{"line":190,"column":28},"end":{"line":190,"column":59}},"type":"binary-expr","locations":[{"start":{"line":190,"column":28},"end":{"line":190,"column":39}},{"start":{"line":190,"column":43},"end":{"line":190,"column":59}}],"line":190},"19":{"loc":{"start":{"line":200,"column":22},"end":{"line":200,"column":43}},"type":"binary-expr","locations":[{"start":{"line":200,"column":22},"end":{"line":200,"column":37}},{"start":{"line":200,"column":41},"end":{"line":200,"column":43}}],"line":200},"20":{"loc":{"start":{"line":209,"column":13},"end":{"line":209,"column":39}},"type":"cond-expr","locations":[{"start":{"line":209,"column":21},"end":{"line":209,"column":32}},{"start":{"line":209,"column":35},"end":{"line":209,"column":39}}],"line":209},"21":{"loc":{"start":{"line":217,"column":4},"end":{"line":221,"column":5}},"type":"if","locations":[{"start":{"line":217,"column":4},"end":{"line":221,"column":5}},{"start":{},"end":{}}],"line":217},"22":{"loc":{"start":{"line":232,"column":7},"end":{"line":348,"column":7}},"type":"cond-expr","locations":[{"start":{"line":233,"column":8},"end":{"line":254,"column":15}},{"start":{"line":256,"column":8},"end":{"line":347,"column":15}}],"line":232},"23":{"loc":{"start":{"line":252,"column":11},"end":{"line":252,"column":62}},"type":"binary-expr","locations":[{"start":{"line":252,"column":11},"end":{"line":252,"column":21}},{"start":{"line":252,"column":25},"end":{"line":252,"column":62}}],"line":252},"24":{"loc":{"start":{"line":321,"column":11},"end":{"line":321,"column":74}},"type":"binary-expr","locations":[{"start":{"line":321,"column":11},"end":{"line":321,"column":27}},{"start":{"line":321,"column":31},"end":{"line":321,"column":74}}],"line":321},"25":{"loc":{"start":{"line":322,"column":11},"end":{"line":322,"column":80}},"type":"binary-expr","locations":[{"start":{"line":322,"column":11},"end":{"line":322,"column":29}},{"start":{"line":322,"column":33},"end":{"line":322,"column":80}}],"line":322},"26":{"loc":{"start":{"line":323,"column":11},"end":{"line":334,"column":11}},"type":"binary-expr","locations":[{"start":{"line":323,"column":11},"end":{"line":323,"column":20}},{"start":{"line":324,"column":12},"end":{"line":333,"column":18}}],"line":323},"27":{"loc":{"start":{"line":325,"column":15},"end":{"line":332,"column":15}},"type":"cond-expr","locations":[{"start":{"line":326,"column":16},"end":{"line":326,"column":58}},{"start":{"line":328,"column":16},"end":{"line":331,"column":22}}],"line":325},"28":{"loc":{"start":{"line":335,"column":11},"end":{"line":346,"column":11}},"type":"binary-expr","locations":[{"start":{"line":335,"column":11},"end":{"line":335,"column":26}},{"start":{"line":336,"column":12},"end":{"line":345,"column":18}}],"line":335},"29":{"loc":{"start":{"line":337,"column":15},"end":{"line":344,"column":15}},"type":"cond-expr","locations":[{"start":{"line":338,"column":16},"end":{"line":338,"column":64}},{"start":{"line":340,"column":16},"end":{"line":343,"column":22}}],"line":337},"30":{"loc":{"start":{"line":349,"column":7},"end":{"line":403,"column":7}},"type":"binary-expr","locations":[{"start":{"line":349,"column":7},"end":{"line":349,"column":15}},{"start":{"line":349,"column":19},"end":{"line":349,"column":39}},{"start":{"line":350,"column":8},"end":{"line":402,"column":14}}],"line":349},"31":{"loc":{"start":{"line":372,"column":29},"end":{"line":372,"column":60}},"type":"binary-expr","locations":[{"start":{"line":372,"column":29},"end":{"line":372,"column":51}},{"start":{"line":372,"column":55},"end":{"line":372,"column":60}}],"line":372},"32":{"loc":{"start":{"line":378,"column":21},"end":{"line":378,"column":67}},"type":"cond-expr","locations":[{"start":{"line":378,"column":32},"end":{"line":378,"column":48}},{"start":{"line":378,"column":51},"end":{"line":378,"column":67}}],"line":378},"33":{"loc":{"start":{"line":381,"column":17},"end":{"line":398,"column":17}},"type":"binary-expr","locations":[{"start":{"line":381,"column":17},"end":{"line":381,"column":25}},{"start":{"line":382,"column":18},"end":{"line":397,"column":26}}],"line":381}},"s":{"0":1,"1":10,"2":10,"3":10,"4":10,"5":10,"6":10,"7":10,"8":10,"9":10,"10":10,"11":10,"12":10,"13":10,"14":10,"15":0,"16":0,"17":0,"18":0,"19":0,"20":0,"21":0,"22":10,"23":1,"24":1,"25":1,"26":0,"27":1,"28":10,"29":0,"30":0,"31":0,"32":0,"33":0,"34":0,"35":0,"36":0,"37":0,"38":0,"39":0,"40":0,"41":10,"42":4,"43":10,"44":1,"45":1,"46":1,"47":1,"48":1,"49":0,"50":0,"51":1,"52":0,"53":10,"54":0,"55":0,"56":10,"57":0,"58":0,"59":0,"60":0,"61":0,"62":0,"63":0,"64":0,"65":0,"66":0,"67":0,"68":10,"69":0,"70":0,"71":0,"72":0,"73":0,"74":0,"75":0,"76":0,"77":0,"78":0,"79":0,"80":10,"81":0,"82":0,"83":0,"84":0,"85":0,"86":0,"87":0,"88":0,"89":0,"90":0,"91":0,"92":10,"93":0,"94":10,"95":0,"96":0,"97":0,"98":10,"99":0,"100":10,"101":0,"102":0,"103":0,"104":0,"105":10,"106":4,"107":0,"108":0,"109":0,"110":0,"111":10,"112":0,"113":0,"114":10,"115":0,"116":0,"117":0,"118":0,"119":0},"f":{"0":10,"1":0,"2":1,"3":1,"4":0,"5":4,"6":1,"7":0,"8":0,"9":0,"10":0,"11":0,"12":0,"13":0,"14":0,"15":0,"16":0,"17":4,"18":0,"19":0,"20":0,"21":0,"22":0,"23":0},"b":{"0":[0,0],"1":[0,1],"2":[1,0],"3":[0,0],"4":[0,0],"5":[0,0],"6":[0,0],"7":[1,0],"8":[1,1],"9":[0,1],"10":[0,0],"11":[0,0],"12":[0,0],"13":[0,0],"14":[0,0],"15":[0,0],"16":[0,0],"17":[0,0],"18":[0,0],"19":[0,0],"20":[0,0],"21":[0,4],"22":[10,0],"23":[10,1],"24":[0,0],"25":[0,0],"26":[0,0],"27":[0,0],"28":[0,0],"29":[0,0],"30":[10,0,0],"31":[0,0],"32":[0,0],"33":[0,0]},"_coverageSchema":"1a1c01bbd47fc00a2c39e90264f33305004495a9","hash":"41a3ca0a0cbc70e972e06d4b8ba4bb900073b106"}
}
