TN:
SF:frontend\src\App.jsx
FN:16,App
FN:44,(anonymous_1)
FN:56,(anonymous_2)
FN:57,(anonymous_3)
FN:65,(anonymous_4)
FN:96,(anonymous_5)
FN:100,(anonymous_6)
FN:116,(anonymous_7)
FN:124,(anonymous_8)
FN:151,(anonymous_9)
FN:179,(anonymous_10)
FN:198,(anonymous_11)
FN:199,(anonymous_12)
FN:204,(anonymous_13)
FN:205,(anonymous_14)
FN:207,(anonymous_15)
FN:208,(anonymous_16)
FN:216,(anonymous_17)
FN:219,(anonymous_18)
FN:225,(anonymous_19)
FN:226,(anonymous_20)
FN:370,(anonymous_21)
FN:377,(anonymous_22)
FN:390,(anonymous_23)
FNF:24
FNH:6
FNDA:10,App
FNDA:0,(anonymous_1)
FNDA:1,(anonymous_2)
FNDA:1,(anonymous_3)
FNDA:0,(anonymous_4)
FNDA:4,(anonymous_5)
FNDA:1,(anonymous_6)
FNDA:0,(anonymous_7)
FNDA:0,(anonymous_8)
FNDA:0,(anonymous_9)
FNDA:0,(anonymous_10)
FNDA:0,(anonymous_11)
FNDA:0,(anonymous_12)
FNDA:0,(anonymous_13)
FNDA:0,(anonymous_14)
FNDA:0,(anonymous_15)
FNDA:0,(anonymous_16)
FNDA:4,(anonymous_17)
FNDA:0,(anonymous_18)
FNDA:0,(anonymous_19)
FNDA:0,(anonymous_20)
FNDA:0,(anonymous_21)
FNDA:0,(anonymous_22)
FNDA:0,(anonymous_23)
DA:14,1
DA:17,10
DA:20,10
DA:23,10
DA:24,10
DA:25,10
DA:26,10
DA:29,10
DA:36,10
DA:37,10
DA:38,10
DA:39,10
DA:40,10
DA:41,10
DA:44,10
DA:45,0
DA:46,0
DA:47,0
DA:49,0
DA:50,0
DA:52,0
DA:56,10
DA:57,1
DA:58,1
DA:59,0
DA:61,1
DA:65,10
DA:66,0
DA:67,0
DA:68,0
DA:69,0
DA:70,0
DA:71,0
DA:84,0
DA:85,0
DA:86,0
DA:88,0
DA:89,0
DA:91,0
DA:96,10
DA:97,4
DA:100,10
DA:101,1
DA:102,1
DA:103,1
DA:104,1
DA:105,1
DA:106,0
DA:107,0
DA:109,1
DA:112,0
DA:116,10
DA:117,0
DA:118,0
DA:124,10
DA:125,0
DA:126,0
DA:127,0
DA:128,0
DA:139,0
DA:140,0
DA:141,0
DA:142,0
DA:144,0
DA:145,0
DA:147,0
DA:151,10
DA:152,0
DA:153,0
DA:154,0
DA:155,0
DA:167,0
DA:168,0
DA:169,0
DA:170,0
DA:172,0
DA:173,0
DA:175,0
DA:179,10
DA:180,0
DA:181,0
DA:182,0
DA:183,0
DA:184,0
DA:185,0
DA:186,0
DA:187,0
DA:188,0
DA:190,0
DA:193,0
DA:198,10
DA:199,10
DA:200,0
DA:201,0
DA:202,0
DA:204,10
DA:205,10
DA:208,0
DA:209,0
DA:216,10
DA:217,4
DA:218,0
DA:219,0
DA:220,0
DA:225,10
DA:226,0
DA:229,10
DA:371,0
DA:372,0
DA:373,0
DA:377,0
DA:391,0
LF:112
LH:41
BRDA:49,0,0,0
BRDA:49,0,1,0
BRDA:58,1,0,0
BRDA:58,1,1,1
BRDA:58,2,0,1
BRDA:58,2,1,0
BRDA:67,3,0,0
BRDA:67,3,1,0
BRDA:68,4,0,0
BRDA:68,4,1,0
BRDA:84,5,0,0
BRDA:84,5,1,0
BRDA:86,6,0,0
BRDA:86,6,1,0
BRDA:103,7,0,1
BRDA:103,7,1,0
BRDA:103,8,0,1
BRDA:103,8,1,1
BRDA:105,9,0,0
BRDA:105,9,1,1
BRDA:120,10,0,0
BRDA:120,10,1,0
BRDA:139,11,0,0
BRDA:139,11,1,0
BRDA:141,12,0,0
BRDA:141,12,1,0
BRDA:167,13,0,0
BRDA:167,13,1,0
BRDA:169,14,0,0
BRDA:169,14,1,0
BRDA:184,15,0,0
BRDA:184,15,1,0
BRDA:186,16,0,0
BRDA:186,16,1,0
BRDA:188,17,0,0
BRDA:188,17,1,0
BRDA:190,18,0,0
BRDA:190,18,1,0
BRDA:200,19,0,0
BRDA:200,19,1,0
BRDA:209,20,0,0
BRDA:209,20,1,0
BRDA:217,21,0,0
BRDA:217,21,1,4
BRDA:232,22,0,10
BRDA:232,22,1,0
BRDA:252,23,0,10
BRDA:252,23,1,1
BRDA:321,24,0,0
BRDA:321,24,1,0
BRDA:322,25,0,0
BRDA:322,25,1,0
BRDA:323,26,0,0
BRDA:323,26,1,0
BRDA:325,27,0,0
BRDA:325,27,1,0
BRDA:335,28,0,0
BRDA:335,28,1,0
BRDA:337,29,0,0
BRDA:337,29,1,0
BRDA:349,30,0,10
BRDA:349,30,1,0
BRDA:349,30,2,0
BRDA:372,31,0,0
BRDA:372,31,1,0
BRDA:378,32,0,0
BRDA:378,32,1,0
BRDA:381,33,0,0
BRDA:381,33,1,0
BRF:69
BRH:11
end_of_record
